UILabsTest/app/build/outputs/apk/manifest-merger-debug-report.txt
-- Merging decision tree log ---
manifest
ADDED from AndroidManifest.xml:2:1
	xmlns:android
		ADDED from AndroidManifest.xml:2:11
	package
		ADDED from AndroidManifest.xml:3:5
		INJECTED from AndroidManifest.xml:0:0
		INJECTED from AndroidManifest.xml:0:0
	android:versionName
		ADDED from AndroidManifest.xml:5:5
	android:versionCode
		ADDED from AndroidManifest.xml:4:5
		INJECTED from AndroidManifest.xml:0:0
		INJECTED from AndroidManifest.xml:0:0
uses-permission#android.permission.WRITE_EXTERNAL_STORAGE
ADDED from AndroidManifest.xml:7:5
	android:name
		ADDED from AndroidManifest.xml:7:22
uses-sdk
ADDED from AndroidManifest.xml:9:5
	android:targetSdkVersion
		ADDED from AndroidManifest.xml:10:9
		INJECTED from AndroidManifest.xml:0:0
		INJECTED from AndroidManifest.xml:0:0
	android:minSdkVersion
		ADDED from AndroidManifest.xml:9:15
		INJECTED from AndroidManifest.xml:0:0
		INJECTED from AndroidManifest.xml:0:0
instrumentation#android.test.InstrumentationTestRunner
ADDED from AndroidManifest.xml:12:5
	android:targetPackage
		ADDED from AndroidManifest.xml:14:9
	android:name
		ADDED from AndroidManifest.xml:13:9
application
ADDED from AndroidManifest.xml:16:5
	android:label
		ADDED from AndroidManifest.xml:16:18
uses-library#android.test.runner
ADDED from AndroidManifest.xml:17:9
	android:name
		ADDED from AndroidManifest.xml:17:23